[2026-03-28T10:01:58.738Z] [info] %cDownload the React DevTools for a better development experience: https://react.dev/link/react-devtools font-weight:bold
[2026-03-28T10:01:59.002Z] [log] [HMR] connected
[2026-03-28T10:01:59.076Z] [error] A tree hydrated but some attributes of the server rendered HTML didn't match the client properties. This won't be patched up. This can happen if a SSR-ed Client Component used:

- A server/client branch `if (typeof window !== 'undefined')`.
- Variable input such as `Date.now()` or `Math.random()` which changes each time it's called.
- Date formatting in a user's locale which doesn't match the server.
- External changing data without sending a snapshot of it along with the HTML.
- Invalid HTML tag nesting.

It can also happen if the client has a browser extension installed which messes with the HTML before React loaded.

%s%s https://react.dev/link/hydration-mismatch 

  ...
    <HTTPAccessFallbackBoundary notFound={<SegmentViewNode>} forbidden={undefined} unauthorized={undefined}>
      <HTTPAccessFallbackErrorBoundary pathname="/" notFound={<SegmentViewNode>} forbidden={undefined} ...>
        <RedirectBoundary>
          <RedirectErrorBoundary router={{...}}>
            <InnerLayoutRouter url="/" tree={[...]} params={{}} cacheNode={{lazyData:null, ...}} segmentPath={[...]} ...>
              <SegmentViewNode type="page" pagePath="page.tsx">
                <SegmentTrieNode>
                <Home>
                  <div className="flex min-h...">
                    <SwapCard>
                      <Card variant="glass" className="w-full max...">
                        <div className="glass-pane...">
                          <div>
                          <div>
                          <TokenInputPanel label="You pay" token={{symbol:"USDC", ...}} amount="" ...>
                            <div className="rounded-xl...">
                              <div>
                              <div className="flex items...">
                                <input
                                  type="text"
                                  inputMode="decimal"
                                  placeholder="0.00"
                                  value=""
                                  readOnly={false}
                                  onChange={function onChange}
                                  className={"min-w-0 flex-1 bg-transparent font-mono text-2xl font-semibold text-tex..."}
-                                 style={{caret-color:"transparent"}}
                                >
                                ...
                          <SwapDirectionToggle>
                          <TokenInputPanel label="You receive" token={{symbol:"USDT", ...}} amount="" ...>
                            <div className="rounded-xl...">
                              <div>
                              <div className="flex items...">
                                <input
                                  type="text"
                                  inputMode="decimal"
                                  placeholder="0.00"
                                  value=""
                                  readOnly={true}
                                  onChange={function onChange}
                                  className="min-w-0 flex-1 bg-transparent font-mono text-2xl font-semibold text-text-..."
-                                 style={{caret-color:"transparent"}}
                                >
                                ...
                          ...
              ...
            ...

[2026-03-28T10:02:24.369Z] [log] [Fast Refresh] rebuilding
[2026-03-28T10:02:25.255Z] [log] [Fast Refresh] done in 987ms
[2026-03-28T10:02:25.334Z] [info] %cDownload the React DevTools for a better development experience: https://react.dev/link/react-devtools font-weight:bold
[2026-03-28T10:02:25.337Z] [log] [HMR] connected
[2026-03-28T10:02:25.518Z] [warning] The width(-1) and height(-1) of chart should be greater than 0,
       please check the style of container, or the props width(100%) and height(100%),
       or add a minWidth(0) or minHeight(undefined) or use aspect(undefined) to control the
       height and width.
[2026-03-28T10:02:25.518Z] [warning] The width(-1) and height(-1) of chart should be greater than 0,
       please check the style of container, or the props width(100%) and height(100%),
       or add a minWidth(0) or minHeight(undefined) or use aspect(undefined) to control the
       height and width.
[2026-03-28T10:02:36.295Z] [log] [Fast Refresh] rebuilding
[2026-03-28T10:02:36.502Z] [info] %cDownload the React DevTools for a better development experience: https://react.dev/link/react-devtools font-weight:bold
[2026-03-28T10:02:36.521Z] [log] [HMR] connected
[2026-03-28T10:02:47.852Z] [log] [Fast Refresh] rebuilding
[2026-03-28T10:02:48.013Z] [log] [Fast Refresh] done in 262ms
[2026-03-28T10:02:48.070Z] [info] %cDownload the React DevTools for a better development experience: https://react.dev/link/react-devtools font-weight:bold
[2026-03-28T10:02:48.117Z] [log] [HMR] connected
[2026-03-28T10:03:02.304Z] [info] %cDownload the React DevTools for a better development experience: https://react.dev/link/react-devtools font-weight:bold
[2026-03-28T10:03:02.313Z] [log] [HMR] connected
[2026-03-28T10:04:39.955Z] [info] %cDownload the React DevTools for a better development experience: https://react.dev/link/react-devtools font-weight:bold
[2026-03-28T10:04:39.959Z] [log] [HMR] connected
[2026-03-28T10:04:40.165Z] [warning] The width(-1) and height(-1) of chart should be greater than 0,
       please check the style of container, or the props width(100%) and height(100%),
       or add a minWidth(0) or minHeight(undefined) or use aspect(undefined) to control the
       height and width.
[2026-03-28T10:04:40.165Z] [warning] The width(-1) and height(-1) of chart should be greater than 0,
       please check the style of container, or the props width(100%) and height(100%),
       or add a minWidth(0) or minHeight(undefined) or use aspect(undefined) to control the
       height and width.
[2026-03-28T10:05:11.366Z] [info] %cDownload the React DevTools for a better development experience: https://react.dev/link/react-devtools font-weight:bold
[2026-03-28T10:05:11.405Z] [log] [HMR] connected
[2026-03-28T10:05:36.189Z] [info] %cDownload the React DevTools for a better development experience: https://react.dev/link/react-devtools font-weight:bold
[2026-03-28T10:05:36.223Z] [log] [HMR] connected
[2026-03-28T10:05:36.512Z] [warning] The width(-1) and height(-1) of chart should be greater than 0,
       please check the style of container, or the props width(100%) and height(100%),
       or add a minWidth(0) or minHeight(undefined) or use aspect(undefined) to control the
       height and width.
[2026-03-28T10:05:36.512Z] [warning] The width(-1) and height(-1) of chart should be greater than 0,
       please check the style of container, or the props width(100%) and height(100%),
       or add a minWidth(0) or minHeight(undefined) or use aspect(undefined) to control the
       height and width.
[2026-03-28T10:05:54.030Z] [info] %cDownload the React DevTools for a better development experience: https://react.dev/link/react-devtools font-weight:bold
[2026-03-28T10:05:54.067Z] [log] [HMR] connected
[2026-03-28T10:07:39.930Z] [info] %cDownload the React DevTools for a better development experience: https://react.dev/link/react-devtools font-weight:bold
[2026-03-28T10:07:39.934Z] [log] [HMR] connected
[2026-03-28T10:08:01.794Z] [info] %cDownload the React DevTools for a better development experience: https://react.dev/link/react-devtools font-weight:bold
[2026-03-28T10:08:01.832Z] [log] [HMR] connected
[2026-03-28T10:08:25.677Z] [info] %cDownload the React DevTools for a better development experience: https://react.dev/link/react-devtools font-weight:bold
[2026-03-28T10:08:25.713Z] [log] [HMR] connected
[2026-03-28T10:09:32.689Z] [error] WebSocket connection to 'ws://localhost:3000/_next/webpack-hmr?id=dcP8QhwhQNXHo1exHOy8G' failed: 
[2026-03-28T10:09:33.689Z] [error] WebSocket connection to 'ws://localhost:3000/_next/webpack-hmr?id=dcP8QhwhQNXHo1exHOy8G' failed: Error in connection establishment: net::ERR_CONNECTION_REFUSED
[2026-03-28T10:09:34.691Z] [error] WebSocket connection to 'ws://localhost:3000/_next/webpack-hmr?id=dcP8QhwhQNXHo1exHOy8G' failed: Error in connection establishment: net::ERR_CONNECTION_REFUSED
[2026-03-28T10:09:35.693Z] [error] WebSocket connection to 'ws://localhost:3000/_next/webpack-hmr?id=dcP8QhwhQNXHo1exHOy8G' failed: Error in connection establishment: net::ERR_CONNECTION_REFUSED
[2026-03-28T10:09:36.694Z] [error] WebSocket connection to 'ws://localhost:3000/_next/webpack-hmr?id=dcP8QhwhQNXHo1exHOy8G' failed: Error in connection establishment: net::ERR_CONNECTION_REFUSED
[2026-03-28T10:09:37.697Z] [error] WebSocket connection to 'ws://localhost:3000/_next/webpack-hmr?id=dcP8QhwhQNXHo1exHOy8G' failed: Error in connection establishment: net::ERR_CONNECTION_REFUSED
[2026-03-28T10:09:42.702Z] [error] WebSocket connection to 'ws://localhost:3000/_next/webpack-hmr?id=dcP8QhwhQNXHo1exHOy8G' failed: Error in connection establishment: net::ERR_CONNECTION_REFUSED
[2026-03-28T10:09:47.710Z] [error] WebSocket connection to 'ws://localhost:3000/_next/webpack-hmr?id=dcP8QhwhQNXHo1exHOy8G' failed: Error in connection establishment: net::ERR_CONNECTION_REFUSED
[2026-03-28T10:09:52.718Z] [error] WebSocket connection to 'ws://localhost:3000/_next/webpack-hmr?id=dcP8QhwhQNXHo1exHOy8G' failed: Error in connection establishment: net::ERR_CONNECTION_REFUSED
[2026-03-28T10:09:57.759Z] [error] WebSocket connection to 'ws://localhost:3000/_next/webpack-hmr?id=dcP8QhwhQNXHo1exHOy8G' failed: Error in connection establishment: net::ERR_CONNECTION_REFUSED
[2026-03-28T10:10:02.799Z] [error] WebSocket connection to 'ws://localhost:3000/_next/webpack-hmr?id=dcP8QhwhQNXHo1exHOy8G' failed: Error in connection establishment: net::ERR_CONNECTION_REFUSED
[2026-03-28T10:10:07.842Z] [error] WebSocket connection to 'ws://localhost:3000/_next/webpack-hmr?id=dcP8QhwhQNXHo1exHOy8G' failed: Error in connection establishment: net::ERR_CONNECTION_REFUSED
[2026-03-28T10:10:13.099Z] [error] WebSocket connection to 'ws://localhost:3000/_next/webpack-hmr?id=dcP8QhwhQNXHo1exHOy8G' failed: Error in connection establishment: net::ERR_CONNECTION_REFUSED
